19190859_FYP/app/build/intermediates/manifest_merge_blame_file/debug/manifest-merger-blame-debug-report.txt
1<?xml version="1.0" encoding="utf-8"?>
2<manifest xmlns:android="http://schemas.android.com/apk/res/android"
3    package="com.example.a19190859_fyp"
4    android:versionCode="1"
5    android:versionName="1.0" >
6
7    <uses-sdk
8        android:minSdkVersion="28"
8-->src/main/AndroidManifest.xml
9        android:targetSdkVersion="32" />
9-->src/main/AndroidManifest.xml
10
11    <uses-permission android:name="android.permission.WRITE_EXTERNAL_STORAGE" />
11-->src/main/AndroidManifest.xml:5:5-81
11-->src/main/AndroidManifest.xml:5:22-78
12
13    <application
13-->src/main/AndroidManifest.xml:7:5-52:19
14        android:allowBackup="true"
14-->src/main/AndroidManifest.xml:8:9-35
15        android:appComponentFactory="androidx.core.app.CoreComponentFactory"
15-->[androidx.core:core:1.7.0] AndroidManifest.xml:24:18-86
16        android:dataExtractionRules="@xml/data_extraction_rules"
16-->src/main/AndroidManifest.xml:9:9-65
17        android:debuggable="true"
18        android:extractNativeLibs="false"
19        android:fullBackupContent="@xml/backup_rules"
19-->src/main/AndroidManifest.xml:10:9-54
20        android:icon="@mipmap/ic_launcher"
20-->src/main/AndroidManifest.xml:11:9-43
21        android:label="@string/app_name"
21-->src/main/AndroidManifest.xml:12:9-41
22        android:roundIcon="@mipmap/ic_launcher_round"
22-->src/main/AndroidManifest.xml:13:9-54
23        android:supportsRtl="true"
23-->src/main/AndroidManifest.xml:14:9-35
24        android:theme="@style/Theme.19190859_FYP" >
24-->src/main/AndroidManifest.xml:15:9-50
25        <activity
25-->src/main/AndroidManifest.xml:17:9-25:20
26            android:name="com.example.a19190859_fyp.SetDifficultyActivity"
26-->src/main/AndroidManifest.xml:18:13-50
27            android:exported="false"
27-->src/main/AndroidManifest.xml:19:13-37
28            android:label="@string/title_activity_set_difficulty"
28-->src/main/AndroidManifest.xml:20:13-66
29            android:theme="@style/Theme.19190859_FYP.NoActionBar" >
29-->src/main/AndroidManifest.xml:21:13-66
30            <meta-data
30-->src/main/AndroidManifest.xml:22:13-24:36
31                android:name="android.app.lib_name"
31-->src/main/AndroidManifest.xml:23:17-52
32                android:value="" />
32-->src/main/AndroidManifest.xml:24:17-33
33        </activity>
34        <activity
34-->src/main/AndroidManifest.xml:26:9-39:20
35            android:name="com.example.a19190859_fyp.MainActivity"
35-->src/main/AndroidManifest.xml:27:13-41
36            android:exported="true"
36-->src/main/AndroidManifest.xml:28:13-36
37            android:theme="@style/Theme.19190859_FYP.NoActionBar" >
37-->src/main/AndroidManifest.xml:29:13-66
38            <intent-filter>
38-->src/main/AndroidManifest.xml:30:13-34:29
39                <action android:name="android.intent.action.MAIN" />
39-->src/main/AndroidManifest.xml:31:17-69
39-->src/main/AndroidManifest.xml:31:25-66
40
41                <category android:name="android.intent.category.LAUNCHER" />
41-->src/main/AndroidManifest.xml:33:17-77
41-->src/main/AndroidManifest.xml:33:27-74
42            </intent-filter>
43
44            <meta-data
44-->src/main/AndroidManifest.xml:22:13-24:36
45                android:name="android.app.lib_name"
45-->src/main/AndroidManifest.xml:23:17-52
46                android:value="" />
46-->src/main/AndroidManifest.xml:24:17-33
47        </activity>
48        <activity
48-->src/main/AndroidManifest.xml:40:9-43:61
49            android:name="com.example.a19190859_fyp.gamePlayActivity"
49-->src/main/AndroidManifest.xml:41:13-45
50            android:label="Gameplay activity"
50-->src/main/AndroidManifest.xml:42:13-46
51            android:screenOrientation="portrait" />
51-->src/main/AndroidManifest.xml:43:13-49
52        <activity
52-->src/main/AndroidManifest.xml:44:9-47:78
53            android:name="com.example.a19190859_fyp.viewDataActivity"
53-->src/main/AndroidManifest.xml:45:13-45
54            android:label="View Data"
54-->src/main/AndroidManifest.xml:46:13-38
55            android:theme="@style/Theme.19190859_FYP.NoActionBar" />
55-->src/main/AndroidManifest.xml:47:13-66
56        <activity
56-->src/main/AndroidManifest.xml:48:9-51:78
57            android:name="com.example.a19190859_fyp.gameOverActivity"
57-->src/main/AndroidManifest.xml:49:13-45
58            android:label="Game Over"
58-->src/main/AndroidManifest.xml:50:13-38
59            android:theme="@style/Theme.19190859_FYP.NoActionBar" />
59-->src/main/AndroidManifest.xml:51:13-66
60
61        <provider
61-->[androidx.emoji2:emoji2:1.0.0] AndroidManifest.xml:26:9-34:20
62            android:name="androidx.startup.InitializationProvider"
62-->[androidx.emoji2:emoji2:1.0.0] AndroidManifest.xml:27:13-67
63            android:authorities="com.example.a19190859_fyp.androidx-startup"
63-->[androidx.emoji2:emoji2:1.0.0] AndroidManifest.xml:28:13-68
64            android:exported="false" >
64-->[androidx.emoji2:emoji2:1.0.0] AndroidManifest.xml:29:13-37
65            <meta-data
65-->[androidx.emoji2:emoji2:1.0.0] AndroidManifest.xml:31:13-33:52
66                android:name="androidx.emoji2.text.EmojiCompatInitializer"
66-->[androidx.emoji2:emoji2:1.0.0] AndroidManifest.xml:32:17-75
67                android:value="androidx.startup" />
67-->[androidx.emoji2:emoji2:1.0.0] AndroidManifest.xml:33:17-49
68            <meta-data
68-->[androidx.lifecycle:lifecycle-process:2.4.0] AndroidManifest.xml:31:13-33:52
69                android:name="androidx.lifecycle.ProcessLifecycleInitializer"
69-->[androidx.lifecycle:lifecycle-process:2.4.0] AndroidManifest.xml:32:17-78
70                android:value="androidx.startup" />
70-->[androidx.lifecycle:lifecycle-process:2.4.0] AndroidManifest.xml:33:17-49
71        </provider>
72    </application>
73
74</manifest>